Using pre-set license
Built from '2021.3/staging' branch; Version is '2021.3.16f1 (4016570cf34f) revision 4200023'; Using compiler version '192829333'; Build Type 'Release'
OS: 'Windows 10  (10.0.19045) 64bit Education' Language: 'ko' Physical Memory: 32577 MB
BatchMode: 1, IsHumanControllingUs: 0, StartBugReporterOnCrash: 0, Is64bit: 1, IsPro: 1

COMMAND LINE ARGUMENTS:
C:\Program Files\Unity\Hub\Editor\2021.3.16f1\Editor\Unity.exe
-adb2
-batchMode
-noUpm
-name
AssetImportWorker1
-projectPath
C:/Users/HyunSeung/Documents/AR_Project
-logFile
Logs/AssetImportWorker1.log
-srvPort
53424
Successfully changed project path to: C:/Users/HyunSeung/Documents/AR_Project
C:/Users/HyunSeung/Documents/AR_Project
[UnityMemory] Configuration Parameters - Can be set up in boot.config
    "memorysetup-bucket-allocator-granularity=16"
    "memorysetup-bucket-allocator-bucket-count=8"
    "memorysetup-bucket-allocator-block-size=33554432"
    "memorysetup-bucket-allocator-block-count=8"
    "memorysetup-main-allocator-block-size=16777216"
    "memorysetup-thread-allocator-block-size=16777216"
    "memorysetup-gfx-main-allocator-block-size=16777216"
    "memorysetup-gfx-thread-allocator-block-size=16777216"
    "memorysetup-cache-allocator-block-size=4194304"
    "memorysetup-typetree-allocator-block-size=2097152"
    "memorysetup-profiler-bucket-allocator-granularity=16"
    "memorysetup-profiler-bucket-allocator-bucket-count=8"
    "memorysetup-profiler-bucket-allocator-block-size=33554432"
    "memorysetup-profiler-bucket-allocator-block-count=8"
    "memorysetup-profiler-allocator-block-size=16777216"
    "memorysetup-profiler-editor-allocator-block-size=1048576"
    "memorysetup-temp-allocator-size-main=16777216"
    "memorysetup-job-temp-allocator-block-size=2097152"
    "memorysetup-job-temp-allocator-block-size-background=1048576"
    "memorysetup-job-temp-allocator-reduction-small-platforms=262144"
    "memorysetup-temp-allocator-size-background-worker=32768"
    "memorysetup-temp-allocator-size-job-worker=262144"
    "memorysetup-temp-allocator-size-preload-manager=33554432"
    "memorysetup-temp-allocator-size-nav-mesh-worker=65536"
    "memorysetup-temp-allocator-size-audio-worker=65536"
    "memorysetup-temp-allocator-size-cloud-worker=32768"
    "memorysetup-temp-allocator-size-gi-baking-worker=262144"
    "memorysetup-temp-allocator-size-gfx=262144"
Player connection [22676] Host "[IP] 220.149.156.12 [Port] 0 [Flags] 2 [Guid] 3221959573 [EditorId] 3221959573 [Version] 1048832 [Id] WindowsEditor(7,DESKTOP-M8RDL43) [Debug] 1 [PackageName] WindowsEditor [ProjectName] Editor" joined multi-casting on [225.0.0.222:54997]...

Player connection [22676] Host "[IP] 220.149.156.12 [Port] 0 [Flags] 2 [Guid] 3221959573 [EditorId] 3221959573 [Version] 1048832 [Id] WindowsEditor(7,DESKTOP-M8RDL43) [Debug] 1 [PackageName] WindowsEditor [ProjectName] Editor" joined alternative multi-casting on [225.0.0.222:34997]...

Refreshing native plugins compatible for Editor in 101.15 ms, found 6 plugins.
Preloading 2 native plugins for Editor in 2.08 ms.
Initialize engine version: 2021.3.16f1 (4016570cf34f)
[Subsystems] Discovering subsystems at path C:/Program Files/Unity/Hub/Editor/2021.3.16f1/Editor/Data/Resources/UnitySubsystems
[Subsystems] Discovering subsystems at path C:/Users/HyunSeung/Documents/AR_Project/Assets
GfxDevice: creating device client; threaded=0; jobified=0
Direct3D:
    Version:  Direct3D 11.0 [level 11.1]
    Renderer: AMD Radeon RX 6800 XT (ID=0x73bf)
    Vendor:   ATI
    VRAM:     16338 MB
    Driver:   31.0.14051.5006
Initialize mono
Mono path[0] = 'C:/Program Files/Unity/Hub/Editor/2021.3.16f1/Editor/Data/Managed'
Mono path[1] = 'C:/Program Files/Unity/Hub/Editor/2021.3.16f1/Editor/Data/MonoBleedingEdge/lib/mono/unityjit-win32'
Mono config path = 'C:/Program Files/Unity/Hub/Editor/2021.3.16f1/Editor/Data/MonoBleedingEdge/etc'
Using monoOptions --debugger-agent=transport=dt_socket,embedding=1,server=y,suspend=n,address=127.0.0.1:56940
Begin MonoManager ReloadAssembly
Registering precompiled unity dll's ...
Register platform support module: C:/Program Files/Unity/Hub/Editor/2021.3.16f1/Editor/Data/PlaybackEngines/AndroidPlayer/UnityEditor.Android.Extensions.dll
Register platform support module: C:/Program Files/Unity/Hub/Editor/2021.3.16f1/Editor/Data/PlaybackEngines/WindowsStandaloneSupport/UnityEditor.WindowsStandalone.Extensions.dll
Registered in 0.005728 seconds.
Native extension for WindowsStandalone target not found
Native extension for Android target not found
Refreshing native plugins compatible for Editor in 92.05 ms, found 6 plugins.
Preloading 2 native plugins for Editor in 0.11 ms.
Mono: successfully reloaded assembly
- Completed reload, in  0.594 seconds
Domain Reload Profiling:
	ReloadAssembly (594ms)
		BeginReloadAssembly (62ms)
			ExecutionOrderSort (0ms)
			DisableScriptedObjects (0ms)
			BackupInstance (0ms)
			ReleaseScriptingObjects (0ms)
			CreateAndSetChildDomain (1ms)
		EndReloadAssembly (437ms)
			LoadAssemblies (61ms)
			RebuildTransferFunctionScriptingTraits (0ms)
			SetupTypeCache (91ms)
			ReleaseScriptCaches (0ms)
			RebuildScriptCaches (26ms)
			SetupLoadedEditorAssemblies (274ms)
				LogAssemblyErrors (0ms)
				InitializePlatformSupportModulesInManaged (57ms)
				SetLoadedEditorAssemblies (0ms)
				RefreshPlugins (92ms)
				BeforeProcessingInitializeOnLoad (1ms)
				ProcessInitializeOnLoadAttributes (84ms)
				ProcessInitializeOnLoadMethodAttributes (38ms)
				AfterProcessingInitializeOnLoad (0ms)
				EditorAssembliesLoaded (0ms)
			ExecutionOrderSort2 (0ms)
			AwakeInstancesAfterBackupRestoration (0ms)
Platform modules already initialized, skipping
Registering precompiled user dll's ...
Registered in 0.008339 seconds.
Begin MonoManager ReloadAssembly
Symbol file LoadedFromMemory doesn't match image C:\Users\HyunSeung\Documents\AR_Project\Library\PackageCache\com.unity.visualscripting@1.7.8\Editor\VisualScripting.Core\Dependencies\YamlDotNet\Unity.VisualScripting.YamlDotNet.dll
Symbol file LoadedFromMemory doesn't match image C:\Users\HyunSeung\Documents\AR_Project\Library\PackageCache\com.unity.visualscripting@1.7.8\Editor\VisualScripting.Core\Dependencies\DotNetZip\Unity.VisualScripting.IonicZip.dll
Native extension for WindowsStandalone target not found
Native extension for Android target not found
Refreshing native plugins compatible for Editor in 0.93 ms, found 6 plugins.
Preloading 2 native plugins for Editor in 0.10 ms.
Mono: successfully reloaded assembly
- Completed reload, in  1.090 seconds
Domain Reload Profiling:
	ReloadAssembly (1090ms)
		BeginReloadAssembly (202ms)
			ExecutionOrderSort (0ms)
			DisableScriptedObjects (5ms)
			BackupInstance (0ms)
			ReleaseScriptingObjects (0ms)
			CreateAndSetChildDomain (131ms)
		EndReloadAssembly (797ms)
			LoadAssemblies (69ms)
			RebuildTransferFunctionScriptingTraits (0ms)
			SetupTypeCache (249ms)
			ReleaseScriptCaches (1ms)
			RebuildScriptCaches (58ms)
			SetupLoadedEditorAssemblies (376ms)
				LogAssemblyErrors (0ms)
				InitializePlatformSupportModulesInManaged (20ms)
				SetLoadedEditorAssemblies (0ms)
				RefreshPlugins (1ms)
				BeforeProcessingInitializeOnLoad (91ms)
				ProcessInitializeOnLoadAttributes (234ms)
				ProcessInitializeOnLoadMethodAttributes (23ms)
				AfterProcessingInitializeOnLoad (6ms)
				EditorAssembliesLoaded (0ms)
			ExecutionOrderSort2 (0ms)
			AwakeInstancesAfterBackupRestoration (5ms)
Platform modules already initialized, skipping
========================================================================
Worker process is ready to serve import requests
Launched and connected shader compiler UnityShaderCompiler.exe after 0.03 seconds
Refreshing native plugins compatible for Editor in 0.57 ms, found 6 plugins.
Preloading 2 native plugins for Editor in 0.06 ms.
Unloading 3581 Unused Serialized files (Serialized files now loaded: 0)
Unloading 49 unused Assets / (124.7 KB). Loaded Objects now: 4347.
Memory consumption went from 145.2 MB to 145.1 MB.
Total: 1.758700 ms (FindLiveObjects: 0.150600 ms CreateObjectMapping: 0.044700 ms MarkObjects: 1.486600 ms  DeleteObjects: 0.076500 ms)

AssetImportParameters requested are different than current active one (requested -> active):
  custom:video-decoder-ogg-theora: a1e56fd34408186e4bbccfd4996cb3dc -> 
  custom:container-muxer-webm: aa71ff27fc2769a1b78a27578f13a17b -> 
  custom:container-demuxer-webm: 4f35f7cbe854078d1ac9338744f61a02 -> 
  custom:video-encoder-webm-vp8: eb34c28f22e8b96e1ab97ce403110664 -> 
  custom:video-codec-MediaFoundation-h265: 746d11721c4dcdbdad8f713fa42b33f4 -> 
  custom:audio-encoder-webm-vorbis: bf7c407c2cedff20999df2af8eb42d56 -> 
  custom:framework-win-MediaFoundation: 216162199b28c13a410421893ffa2e32 -> 
  custom:container-demuxer-ogg: 62fdf1f143b41e24485cea50d1cbac27 -> 
  custom:video-decoder-webm-vp8: 9c59270c3fd7afecdb556c50c9e8de78 -> 
  custom:audio-decoder-ogg-vorbis: bf7c407c2cedff20999df2af8eb42d56 -> 
========================================================================
Received Import Request.
  Time since last request: 579733.092857 seconds.
  path: Assets/unity-chan!/Unity-chan! Model/Audio/Voice/univ0002.wav
  artifactKey: Guid(6ccbc3d284bd849d49fb1f8f94ab2888) Importer(815301076,1909f56bfc062723c751e8b465ee728b)
Start importing Assets/unity-chan!/Unity-chan! Model/Audio/Voice/univ0002.wav using Guid(6ccbc3d284bd849d49fb1f8f94ab2888) Importer(815301076,1909f56bfc062723c751e8b465ee728b)  -> (artifact id: '3e25413ffd30448e6620eb4dfede7814') in 0.132844 seconds 
========================================================================
Received Import Request.
  Time since last request: 0.000019 seconds.
  path: Assets/unity-chan!/Unity-chan! Model/Audio/Voice/univ1008.wav
  artifactKey: Guid(826810b2f0f324134a29995db7e2797f) Importer(815301076,1909f56bfc062723c751e8b465ee728b)
Start importing Assets/unity-chan!/Unity-chan! Model/Audio/Voice/univ1008.wav using Guid(826810b2f0f324134a29995db7e2797f) Importer(815301076,1909f56bfc062723c751e8b465ee728b)  -> (artifact id: 'e9e42ac68be5199a87a53d2474b9ce80') in 0.008306 seconds 
========================================================================
Received Import Request.
  Time since last request: 0.000017 seconds.
  path: Assets/unity-chan!/Unity-chan! Model/Audio/Voice/univ1029.wav
  artifactKey: Guid(8ab9a36e7325b450686d0ad741bc3f27) Importer(815301076,1909f56bfc062723c751e8b465ee728b)
Start importing Assets/unity-chan!/Unity-chan! Model/Audio/Voice/univ1029.wav using Guid(8ab9a36e7325b450686d0ad741bc3f27) Importer(815301076,1909f56bfc062723c751e8b465ee728b)  -> (artifact id: '51e268e4e8c506a110675e6f84413692') in 0.009677 seconds 
========================================================================
Received Import Request.
  Time since last request: 0.000019 seconds.
  path: Assets/unity-chan!/Unity-chan! Model/Audio/Voice/univ1021.wav
  artifactKey: Guid(ee56b49d7aebf4f24a6df7d352afcb61) Importer(815301076,1909f56bfc062723c751e8b465ee728b)
Start importing Assets/unity-chan!/Unity-chan! Model/Audio/Voice/univ1021.wav using Guid(ee56b49d7aebf4f24a6df7d352afcb61) Importer(815301076,1909f56bfc062723c751e8b465ee728b)  -> (artifact id: 'daf11b4eef2b4d50764e8f6f57b7c138') in 0.007987 seconds 
========================================================================
Received Import Request.
  Time since last request: 0.000016 seconds.
  path: Assets/unity-chan!/Unity-chan! Model/Audio/Voice/univ1028.wav
  artifactKey: Guid(019dd0e8917f24eb5a10e29c4909dbc5) Importer(815301076,1909f56bfc062723c751e8b465ee728b)
Start importing Assets/unity-chan!/Unity-chan! Model/Audio/Voice/univ1028.wav using Guid(019dd0e8917f24eb5a10e29c4909dbc5) Importer(815301076,1909f56bfc062723c751e8b465ee728b)  -> (artifact id: '74787a04f035b5b732b487ee07e67dff') in 0.008566 seconds 
========================================================================
Received Import Request.
  Time since last request: 0.000020 seconds.
  path: Assets/unity-chan!/Unity-chan! Model/Audio/Voice/univ0036.wav
  artifactKey: Guid(4d14dab9e33d14848a32415f0dbb069a) Importer(815301076,1909f56bfc062723c751e8b465ee728b)
Start importing Assets/unity-chan!/Unity-chan! Model/Audio/Voice/univ0036.wav using Guid(4d14dab9e33d14848a32415f0dbb069a) Importer(815301076,1909f56bfc062723c751e8b465ee728b)  -> (artifact id: '918e5a46a1bcc7c74add40c948bea20e') in 0.008944 seconds 
========================================================================
Received Import Request.
  Time since last request: 0.000024 seconds.
  path: Assets/unity-chan!/Unity-chan! Model/Audio/Voice/univ1001.wav
  artifactKey: Guid(c24b7e715582b4ccba37bbb827676c06) Importer(815301076,1909f56bfc062723c751e8b465ee728b)
Start importing Assets/unity-chan!/Unity-chan! Model/Audio/Voice/univ1001.wav using Guid(c24b7e715582b4ccba37bbb827676c06) Importer(815301076,1909f56bfc062723c751e8b465ee728b)  -> (artifact id: '4e0781dc49f89809e81ed7f0ddc13553') in 0.008999 seconds 
========================================================================
Received Import Request.
  Time since last request: 0.000016 seconds.
  path: Assets/unity-chan!/Unity-chan! Model/Audio/Voice/univ0029.wav
  artifactKey: Guid(9de474df5f96b4d6eb94dcb64eedc2a2) Importer(815301076,1909f56bfc062723c751e8b465ee728b)
Start importing Assets/unity-chan!/Unity-chan! Model/Audio/Voice/univ0029.wav using Guid(9de474df5f96b4d6eb94dcb64eedc2a2) Importer(815301076,1909f56bfc062723c751e8b465ee728b)  -> (artifact id: 'd3f0ed3b6fa0c2e43981c6f75b06629a') in 0.009773 seconds 
========================================================================
Received Import Request.
  Time since last request: 0.000017 seconds.
  path: Assets/unity-chan!/Unity-chan! Model/Audio/Voice/univ0024.wav
  artifactKey: Guid(168b099abe87a4431ba16dfd3d78df46) Importer(815301076,1909f56bfc062723c751e8b465ee728b)
Start importing Assets/unity-chan!/Unity-chan! Model/Audio/Voice/univ0024.wav using Guid(168b099abe87a4431ba16dfd3d78df46) Importer(815301076,1909f56bfc062723c751e8b465ee728b)  -> (artifact id: '881cec00bb5cbd5ee0587f7d2f1be8aa') in 0.008652 seconds 
========================================================================
Received Import Request.
  Time since last request: 0.000016 seconds.
  path: Assets/unity-chan!/Unity-chan! Model/Audio/Voice/univ1007.wav
  artifactKey: Guid(02568edaf75d942c3a7e8ebc765955e7) Importer(815301076,1909f56bfc062723c751e8b465ee728b)
Start importing Assets/unity-chan!/Unity-chan! Model/Audio/Voice/univ1007.wav using Guid(02568edaf75d942c3a7e8ebc765955e7) Importer(815301076,1909f56bfc062723c751e8b465ee728b)  -> (artifact id: '5fb50c24d24b0328fe226280aabaa354') in 0.009710 seconds 
========================================================================
Received Import Request.
  Time since last request: 0.000018 seconds.
  path: Assets/unity-chan!/Unity-chan! Model/Audio/Voice/univ0014.wav
  artifactKey: Guid(a96205706bbde4a2cb843c257f0a114a) Importer(815301076,1909f56bfc062723c751e8b465ee728b)
Start importing Assets/unity-chan!/Unity-chan! Model/Audio/Voice/univ0014.wav using Guid(a96205706bbde4a2cb843c257f0a114a) Importer(815301076,1909f56bfc062723c751e8b465ee728b)  -> (artifact id: '72cc6e9e61d87e1a4bfb0a21f21e0b43') in 0.009103 seconds 
========================================================================
Received Import Request.
  Time since last request: 0.000017 seconds.
  path: Assets/unity-chan!/Unity-chan! Model/Audio/Voice/univ1011.wav
  artifactKey: Guid(83267f2a6c2264e1c85371acda24f368) Importer(815301076,1909f56bfc062723c751e8b465ee728b)
Start importing Assets/unity-chan!/Unity-chan! Model/Audio/Voice/univ1011.wav using Guid(83267f2a6c2264e1c85371acda24f368) Importer(815301076,1909f56bfc062723c751e8b465ee728b)  -> (artifact id: '73cbb9b0006e2774916aa08c25d08827') in 0.009667 seconds 
========================================================================
Received Import Request.
  Time since last request: 0.000020 seconds.
  path: Assets/unity-chan!/Unity-chan! Model/Audio/Voice/univ0003.wav
  artifactKey: Guid(d42eccd24e0ee4aef80df9398ec0747c) Importer(815301076,1909f56bfc062723c751e8b465ee728b)
Start importing Assets/unity-chan!/Unity-chan! Model/Audio/Voice/univ0003.wav using Guid(d42eccd24e0ee4aef80df9398ec0747c) Importer(815301076,1909f56bfc062723c751e8b465ee728b)  -> (artifact id: '795fce0d652326e4fc5a1e1004a81423') in 0.009858 seconds 
========================================================================
Received Import Request.
  Time since last request: 0.000023 seconds.
  path: Assets/unity-chan!/Unity-chan! Model/Audio/Voice/univ0011.wav
  artifactKey: Guid(874dc2aadd4204ec1987fcd17f8d7fb8) Importer(815301076,1909f56bfc062723c751e8b465ee728b)
Start importing Assets/unity-chan!/Unity-chan! Model/Audio/Voice/univ0011.wav using Guid(874dc2aadd4204ec1987fcd17f8d7fb8) Importer(815301076,1909f56bfc062723c751e8b465ee728b)  -> (artifact id: '2b8bf7e76de3a207a7ecac2c4f62c2f7') in 0.009750 seconds 
========================================================================
Received Import Request.
  Time since last request: 0.000019 seconds.
  path: Assets/unity-chan!/Unity-chan! Model/Audio/Voice/univ0010.wav
  artifactKey: Guid(d7c4040670e28478fbd49fd9b6060ac8) Importer(815301076,1909f56bfc062723c751e8b465ee728b)
Start importing Assets/unity-chan!/Unity-chan! Model/Audio/Voice/univ0010.wav using Guid(d7c4040670e28478fbd49fd9b6060ac8) Importer(815301076,1909f56bfc062723c751e8b465ee728b)  -> (artifact id: '8899d64b5ed77d6bb5c7b0e5e8a86a12') in 0.009436 seconds 
========================================================================
Received Import Request.
  Time since last request: 0.000018 seconds.
  path: Assets/unity-chan!/Unity-chan! Model/Audio/Voice/univ0008.wav
  artifactKey: Guid(5dadf04f00ed843aaaf7d41e3d53a927) Importer(815301076,1909f56bfc062723c751e8b465ee728b)
Start importing Assets/unity-chan!/Unity-chan! Model/Audio/Voice/univ0008.wav using Guid(5dadf04f00ed843aaaf7d41e3d53a927) Importer(815301076,1909f56bfc062723c751e8b465ee728b)  -> (artifact id: '333d79ad26dc9a61e57950b5782a64fd') in 0.008733 seconds 
========================================================================
Received Import Request.
  Time since last request: 0.000016 seconds.
  path: Assets/unity-chan!/Unity-chan! Model/Audio/Voice/univ0038.wav
  artifactKey: Guid(6c3ad311026564be2bd05c73b93f49d6) Importer(815301076,1909f56bfc062723c751e8b465ee728b)
Start importing Assets/unity-chan!/Unity-chan! Model/Audio/Voice/univ0038.wav using Guid(6c3ad311026564be2bd05c73b93f49d6) Importer(815301076,1909f56bfc062723c751e8b465ee728b)  -> (artifact id: 'a5dfd747c39c86969b67722af44935e7') in 0.008926 seconds 
========================================================================
Received Import Request.
  Time since last request: 0.000019 seconds.
  path: Assets/unity-chan!/Unity-chan! Model/Audio/Voice/univ1000.wav
  artifactKey: Guid(7d47792ea81e4408fbef69366151a14a) Importer(815301076,1909f56bfc062723c751e8b465ee728b)
Start importing Assets/unity-chan!/Unity-chan! Model/Audio/Voice/univ1000.wav using Guid(7d47792ea81e4408fbef69366151a14a) Importer(815301076,1909f56bfc062723c751e8b465ee728b)  -> (artifact id: '3ec122b545d06c6c77c79acbc65d1672') in 0.009821 seconds 
========================================================================
Received Import Request.
  Time since last request: 0.000019 seconds.
  path: Assets/unity-chan!/Unity-chan! Model/Audio/Voice/univ0004.wav
  artifactKey: Guid(adf7488d7a7d741409ceb3f11b90852b) Importer(815301076,1909f56bfc062723c751e8b465ee728b)
Start importing Assets/unity-chan!/Unity-chan! Model/Audio/Voice/univ0004.wav using Guid(adf7488d7a7d741409ceb3f11b90852b) Importer(815301076,1909f56bfc062723c751e8b465ee728b)  -> (artifact id: '3ad0fe319788e7aed8a797bd0a89f190') in 0.009676 seconds 
========================================================================
Received Import Request.
  Time since last request: 0.000018 seconds.
  path: Assets/unity-chan!/Unity-chan! Model/Audio/Voice/univ0026.wav
  artifactKey: Guid(947cd1d02855e4e8ab6118488a12ec4d) Importer(815301076,1909f56bfc062723c751e8b465ee728b)
Start importing Assets/unity-chan!/Unity-chan! Model/Audio/Voice/univ0026.wav using Guid(947cd1d02855e4e8ab6118488a12ec4d) Importer(815301076,1909f56bfc062723c751e8b465ee728b)  -> (artifact id: '71ad916fec7eaadad11a6c367ca6f01a') in 0.009940 seconds 
========================================================================
Received Import Request.
  Time since last request: 0.000017 seconds.
  path: Assets/unity-chan!/Unity-chan! Model/Audio/Voice/univ0005.wav
  artifactKey: Guid(687990b2a12cc4b6db34fdeceb9b8636) Importer(815301076,1909f56bfc062723c751e8b465ee728b)
Start importing Assets/unity-chan!/Unity-chan! Model/Audio/Voice/univ0005.wav using Guid(687990b2a12cc4b6db34fdeceb9b8636) Importer(815301076,1909f56bfc062723c751e8b465ee728b)  -> (artifact id: 'a7be3d1d42ddb4a0e8a88ffa41b9a409') in 0.009253 seconds 
========================================================================
Received Import Request.
  Time since last request: 0.000017 seconds.
  path: Assets/unity-chan!/Unity-chan! Model/Audio/Voice/univ1003.wav
  artifactKey: Guid(1ec434e75e64c4dc7ab389969fcfaa46) Importer(815301076,1909f56bfc062723c751e8b465ee728b)
Start importing Assets/unity-chan!/Unity-chan! Model/Audio/Voice/univ1003.wav using Guid(1ec434e75e64c4dc7ab389969fcfaa46) Importer(815301076,1909f56bfc062723c751e8b465ee728b)  -> (artifact id: '6a57cd4ea982c7ff5802e333afe66f59') in 0.009716 seconds 
========================================================================
Received Import Request.
  Time since last request: 0.000028 seconds.
  path: Assets/unity-chan!/Unity-chan! Model/Audio/Voice/univ0021.wav
  artifactKey: Guid(b5b28ddf9a8dd4df9af0857e990f03d9) Importer(815301076,1909f56bfc062723c751e8b465ee728b)
Start importing Assets/unity-chan!/Unity-chan! Model/Audio/Voice/univ0021.wav using Guid(b5b28ddf9a8dd4df9af0857e990f03d9) Importer(815301076,1909f56bfc062723c751e8b465ee728b)  -> (artifact id: 'a65649ef83f45e726bedaea17040d4ec') in 0.009609 seconds 
========================================================================
Received Import Request.
  Time since last request: 0.000027 seconds.
  path: Assets/unity-chan!/Unity-chan! Model/Audio/Voice/univ1014.wav
  artifactKey: Guid(1699abed5a7da43cabe83d31df9b7fae) Importer(815301076,1909f56bfc062723c751e8b465ee728b)
Start importing Assets/unity-chan!/Unity-chan! Model/Audio/Voice/univ1014.wav using Guid(1699abed5a7da43cabe83d31df9b7fae) Importer(815301076,1909f56bfc062723c751e8b465ee728b)  -> (artifact id: '4c5173fa34cbbbb714971968ff458300') in 0.009712 seconds 
========================================================================
Received Import Request.
  Time since last request: 0.000019 seconds.
  path: Assets/unity-chan!/Unity-chan! Model/Audio/Voice/univ1010.wav
  artifactKey: Guid(c6bda23e943374eb69513f998c1007dc) Importer(815301076,1909f56bfc062723c751e8b465ee728b)
Start importing Assets/unity-chan!/Unity-chan! Model/Audio/Voice/univ1010.wav using Guid(c6bda23e943374eb69513f998c1007dc) Importer(815301076,1909f56bfc062723c751e8b465ee728b)  -> (artifact id: '732c915f06a52c27ec8e08390ab0cda0') in 0.009354 seconds 
========================================================================
Received Import Request.
  Time since last request: 0.000021 seconds.
  path: Assets/unity-chan!/Unity-chan! Model/Audio/Voice/univ1027.wav
  artifactKey: Guid(581542c602e864d47b5f907484db9c1c) Importer(815301076,1909f56bfc062723c751e8b465ee728b)
Start importing Assets/unity-chan!/Unity-chan! Model/Audio/Voice/univ1027.wav using Guid(581542c602e864d47b5f907484db9c1c) Importer(815301076,1909f56bfc062723c751e8b465ee728b)  -> (artifact id: 'e85151dd68ddbc8343f4a785f6b455ea') in 0.009124 seconds 
========================================================================
Received Import Request.
  Time since last request: 0.000017 seconds.
  path: Assets/unity-chan!/Unity-chan! Model/Audio/Voice/univ0043.wav
  artifactKey: Guid(666b5e8d439124793998f8707c8be1b3) Importer(815301076,1909f56bfc062723c751e8b465ee728b)
Start importing Assets/unity-chan!/Unity-chan! Model/Audio/Voice/univ0043.wav using Guid(666b5e8d439124793998f8707c8be1b3) Importer(815301076,1909f56bfc062723c751e8b465ee728b)  -> (artifact id: 'ffe1b4b965c0ba6b4177c09d721d3267') in 0.009862 seconds 
========================================================================
Received Import Request.
  Time since last request: 0.000021 seconds.
  path: Assets/unity-chan!/Unity-chan! Model/Audio/Voice/univ0013.wav
  artifactKey: Guid(23b4a85d442dc4abb8d2c6559b135c3c) Importer(815301076,1909f56bfc062723c751e8b465ee728b)
Start importing Assets/unity-chan!/Unity-chan! Model/Audio/Voice/univ0013.wav using Guid(23b4a85d442dc4abb8d2c6559b135c3c) Importer(815301076,1909f56bfc062723c751e8b465ee728b)  -> (artifact id: 'acbb3cce8f1339ab7e4df70938ad0d8a') in 0.013413 seconds 
========================================================================
Received Import Request.
  Time since last request: 0.000023 seconds.
  path: Assets/unity-chan!/Unity-chan! Model/Audio/Voice/univ1018.wav
  artifactKey: Guid(48f945eaabaa941da8b22c03b441664a) Importer(815301076,1909f56bfc062723c751e8b465ee728b)
Start importing Assets/unity-chan!/Unity-chan! Model/Audio/Voice/univ1018.wav using Guid(48f945eaabaa941da8b22c03b441664a) Importer(815301076,1909f56bfc062723c751e8b465ee728b)  -> (artifact id: 'd99b674a0fdb90a77f0172971e4bc731') in 0.010192 seconds 
========================================================================
Received Import Request.
  Time since last request: 0.000022 seconds.
  path: Assets/unity-chan!/Unity-chan! Model/Audio/Voice/univ0027.wav
  artifactKey: Guid(39c15a2c77273494b9b02b228371d87b) Importer(815301076,1909f56bfc062723c751e8b465ee728b)
Start importing Assets/unity-chan!/Unity-chan! Model/Audio/Voice/univ0027.wav using Guid(39c15a2c77273494b9b02b228371d87b) Importer(815301076,1909f56bfc062723c751e8b465ee728b)  -> (artifact id: '91c775170988ee162f91e1f75da68e8d') in 0.009453 seconds 
========================================================================
Received Import Request.
  Time since last request: 0.000017 seconds.
  path: Assets/unity-chan!/Unity-chan! Model/Audio/Voice/univ1015.wav
  artifactKey: Guid(c5b7b617e6a324665b0154b0366b81a3) Importer(815301076,1909f56bfc062723c751e8b465ee728b)
Start importing Assets/unity-chan!/Unity-chan! Model/Audio/Voice/univ1015.wav using Guid(c5b7b617e6a324665b0154b0366b81a3) Importer(815301076,1909f56bfc062723c751e8b465ee728b)  -> (artifact id: 'db1f512b129b0dcc7e131e901553ebc0') in 0.009198 seconds 
========================================================================
Received Import Request.
  Time since last request: 0.000018 seconds.
  path: Assets/unity-chan!/Unity-chan! Model/Audio/Voice/univ0041.wav
  artifactKey: Guid(ee51d876c275d4d60bded73b21ff3922) Importer(815301076,1909f56bfc062723c751e8b465ee728b)
Start importing Assets/unity-chan!/Unity-chan! Model/Audio/Voice/univ0041.wav using Guid(ee51d876c275d4d60bded73b21ff3922) Importer(815301076,1909f56bfc062723c751e8b465ee728b)  -> (artifact id: '19f1b3676d76ad88b46d811b44c2e826') in 0.009119 seconds 
========================================================================
Received Import Request.
  Time since last request: 0.000019 seconds.
  path: Assets/unity-chan!/Unity-chan! Model/Audio/Voice/univ1031.wav
  artifactKey: Guid(c66e87e26a6994c768b643743f6494cd) Importer(815301076,1909f56bfc062723c751e8b465ee728b)
Start importing Assets/unity-chan!/Unity-chan! Model/Audio/Voice/univ1031.wav using Guid(c66e87e26a6994c768b643743f6494cd) Importer(815301076,1909f56bfc062723c751e8b465ee728b)  -> (artifact id: '56e72ead21b8ee9780c7bd6c3b9210a7') in 0.009195 seconds 
========================================================================
Received Import Request.
  Time since last request: 0.000017 seconds.
  path: Assets/unity-chan!/Unity-chan! Model/Audio/Voice/univ0040.wav
  artifactKey: Guid(2c9c70ceb0e7c471a9db3829f9954fc5) Importer(815301076,1909f56bfc062723c751e8b465ee728b)
Start importing Assets/unity-chan!/Unity-chan! Model/Audio/Voice/univ0040.wav using Guid(2c9c70ceb0e7c471a9db3829f9954fc5) Importer(815301076,1909f56bfc062723c751e8b465ee728b)  -> (artifact id: '245999ba41396a2a981e37230ebfee0e') in 0.009226 seconds 
========================================================================
Received Import Request.
  Time since last request: 0.000016 seconds.
  path: Assets/unity-chan!/Unity-chan! Model/Audio/Voice/univ0015.wav
  artifactKey: Guid(28411f84ac99843ba9649b2cae8c879e) Importer(815301076,1909f56bfc062723c751e8b465ee728b)
Start importing Assets/unity-chan!/Unity-chan! Model/Audio/Voice/univ0015.wav using Guid(28411f84ac99843ba9649b2cae8c879e) Importer(815301076,1909f56bfc062723c751e8b465ee728b)  -> (artifact id: '7aa2a7dc58e07c3b348a7693d76302e5') in 0.008937 seconds 
========================================================================
Received Import Request.
  Time since last request: 0.000017 seconds.
  path: Assets/unity-chan!/Unity-chan! Model/Audio/Voice/univ1005.wav
  artifactKey: Guid(490eecf3cd0714f8da701bc8b61f92e8) Importer(815301076,1909f56bfc062723c751e8b465ee728b)
Start importing Assets/unity-chan!/Unity-chan! Model/Audio/Voice/univ1005.wav using Guid(490eecf3cd0714f8da701bc8b61f92e8) Importer(815301076,1909f56bfc062723c751e8b465ee728b)  -> (artifact id: '5074f7c46ad9a21d9e898022229534c3') in 0.008946 seconds 
========================================================================
Received Import Request.
  Time since last request: 0.000020 seconds.
  path: Assets/unity-chan!/Unity-chan! Model/Audio/Voice/univ1004.wav
  artifactKey: Guid(5f495037948cf49269a56b62f7b9e8e0) Importer(815301076,1909f56bfc062723c751e8b465ee728b)
Start importing Assets/unity-chan!/Unity-chan! Model/Audio/Voice/univ1004.wav using Guid(5f495037948cf49269a56b62f7b9e8e0) Importer(815301076,1909f56bfc062723c751e8b465ee728b)  -> (artifact id: 'bba79c56c0c6be93da2f226d040e5f70') in 0.009137 seconds 
========================================================================
Received Import Request.
  Time since last request: 0.000022 seconds.
  path: Assets/unity-chan!/Unity-chan! Model/Audio/Voice/univ1025.wav
  artifactKey: Guid(84c678c4c8f2643c1afb6f6ab2ad3293) Importer(815301076,1909f56bfc062723c751e8b465ee728b)
Start importing Assets/unity-chan!/Unity-chan! Model/Audio/Voice/univ1025.wav using Guid(84c678c4c8f2643c1afb6f6ab2ad3293) Importer(815301076,1909f56bfc062723c751e8b465ee728b)  -> (artifact id: 'd569d0fb87c6acfe1fc30b17578a166c') in 0.009446 seconds 
========================================================================
Received Import Request.
  Time since last request: 0.000026 seconds.
  path: Assets/unity-chan!/Unity-chan! Model/Audio/Voice/univ0018.wav
  artifactKey: Guid(9386c5176a28d485f9f58d1031791d32) Importer(815301076,1909f56bfc062723c751e8b465ee728b)
Start importing Assets/unity-chan!/Unity-chan! Model/Audio/Voice/univ0018.wav using Guid(9386c5176a28d485f9f58d1031791d32) Importer(815301076,1909f56bfc062723c751e8b465ee728b)  -> (artifact id: '00977a17040fc191cf3ab5685652f0a5') in 0.009315 seconds 
========================================================================
Received Import Request.
  Time since last request: 0.000019 seconds.
  path: Assets/unity-chan!/Unity-chan! Model/Audio/Voice/univ1024.wav
  artifactKey: Guid(91c68039ec5d440779d554f2876d84cc) Importer(815301076,1909f56bfc062723c751e8b465ee728b)
Start importing Assets/unity-chan!/Unity-chan! Model/Audio/Voice/univ1024.wav using Guid(91c68039ec5d440779d554f2876d84cc) Importer(815301076,1909f56bfc062723c751e8b465ee728b)  -> (artifact id: 'f879605a83dfe84f0a97e2349892f931') in 0.010293 seconds 
========================================================================
Received Import Request.
  Time since last request: 17.066089 seconds.
  path: Assets/unity-chan!/Unity-chan! Model/Audio/Voice/univ1038.wav
  artifactKey: Guid(1fea949ca16274adb8e4a6a9b673d938) Importer(815301076,1909f56bfc062723c751e8b465ee728b)
Start importing Assets/unity-chan!/Unity-chan! Model/Audio/Voice/univ1038.wav using Guid(1fea949ca16274adb8e4a6a9b673d938) Importer(815301076,1909f56bfc062723c751e8b465ee728b)  -> (artifact id: 'bc268617bf5eb2b7c27c4a1bdfbf093d') in 0.010431 seconds 
========================================================================
Received Import Request.
  Time since last request: 0.000021 seconds.
  path: Assets/unity-chan!/Unity-chan! Model/Audio/Voice/univ1043.wav
  artifactKey: Guid(134a343f4bcb142dc9ddd15b85071394) Importer(815301076,1909f56bfc062723c751e8b465ee728b)
Start importing Assets/unity-chan!/Unity-chan! Model/Audio/Voice/univ1043.wav using Guid(134a343f4bcb142dc9ddd15b85071394) Importer(815301076,1909f56bfc062723c751e8b465ee728b)  -> (artifact id: 'aeeb8243d43212592d971495487ead2a') in 0.008813 seconds 
========================================================================
Received Import Request.
  Time since last request: 0.000026 seconds.
  path: Assets/unity-chan!/Unity-chan! Model/Audio/Voice/univ1047.wav
  artifactKey: Guid(ea1a3de72e0474bbfb22357be75fa443) Importer(815301076,1909f56bfc062723c751e8b465ee728b)
Start importing Assets/unity-chan!/Unity-chan! Model/Audio/Voice/univ1047.wav using Guid(ea1a3de72e0474bbfb22357be75fa443) Importer(815301076,1909f56bfc062723c751e8b465ee728b)  -> (artifact id: 'ec4557dc39ac3eba37e715cf73ee8fc4') in 0.008917 seconds 
========================================================================
Received Import Request.
  Time since last request: 0.000018 seconds.
  path: Assets/unity-chan!/Unity-chan! Model/Audio/Voice/univ1042.wav
  artifactKey: Guid(69c6fe1b4f1fe481cb08acebb5f79226) Importer(815301076,1909f56bfc062723c751e8b465ee728b)
Start importing Assets/unity-chan!/Unity-chan! Model/Audio/Voice/univ1042.wav using Guid(69c6fe1b4f1fe481cb08acebb5f79226) Importer(815301076,1909f56bfc062723c751e8b465ee728b)  -> (artifact id: '1ed75aabd5aedf40f82afa2bd44a4045') in 0.008596 seconds 
========================================================================
Received Import Request.
  Time since last request: 0.000019 seconds.
  path: Assets/unity-chan!/Unity-chan! Model/Audio/Voice/univ1061.wav
  artifactKey: Guid(f145628a693a743c7a09df9ad284c992) Importer(815301076,1909f56bfc062723c751e8b465ee728b)
Start importing Assets/unity-chan!/Unity-chan! Model/Audio/Voice/univ1061.wav using Guid(f145628a693a743c7a09df9ad284c992) Importer(815301076,1909f56bfc062723c751e8b465ee728b)  -> (artifact id: '97fbeecb1bd5ee9c9d8a37b4e6dd1469') in 0.009120 seconds 
========================================================================
Received Import Request.
  Time since last request: 0.000017 seconds.
  path: Assets/unity-chan!/Unity-chan! Model/Audio/Voice/univ1073.wav
  artifactKey: Guid(e76eefaf06db24f2c9587423ae86fc63) Importer(815301076,1909f56bfc062723c751e8b465ee728b)
Start importing Assets/unity-chan!/Unity-chan! Model/Audio/Voice/univ1073.wav using Guid(e76eefaf06db24f2c9587423ae86fc63) Importer(815301076,1909f56bfc062723c751e8b465ee728b)  -> (artifact id: 'f37f02df5fca16d36d8c3f8af6e5fc0c') in 0.008982 seconds 
========================================================================
Received Import Request.
  Time since last request: 0.000021 seconds.
  path: Assets/unity-chan!/Unity-chan! Model/Audio/Voice/univ1082.wav
  artifactKey: Guid(da63fdb87272d493595b366f6e977c94) Importer(815301076,1909f56bfc062723c751e8b465ee728b)
Start importing Assets/unity-chan!/Unity-chan! Model/Audio/Voice/univ1082.wav using Guid(da63fdb87272d493595b366f6e977c94) Importer(815301076,1909f56bfc062723c751e8b465ee728b)  -> (artifact id: '8803cf959b2a12aea05fd09e3b1aebed') in 0.008459 seconds 
========================================================================
Received Import Request.
  Time since last request: 0.000018 seconds.
  path: Assets/unity-chan!/Unity-chan! Model/Audio/Voice/univ1058.wav
  artifactKey: Guid(a33ebe5fd693c4502b94986bde08c96d) Importer(815301076,1909f56bfc062723c751e8b465ee728b)
Start importing Assets/unity-chan!/Unity-chan! Model/Audio/Voice/univ1058.wav using Guid(a33ebe5fd693c4502b94986bde08c96d) Importer(815301076,1909f56bfc062723c751e8b465ee728b)  -> (artifact id: '8c081518c634d09883251cbd949dfbe2') in 0.008617 seconds 
========================================================================
Received Import Request.
  Time since last request: 0.000019 seconds.
  path: Assets/unity-chan!/Unity-chan! Model/Audio/Voice/univ1078.wav
  artifactKey: Guid(9a1a05c0c9dca4f0d8ce99b11d5d05e1) Importer(815301076,1909f56bfc062723c751e8b465ee728b)
Start importing Assets/unity-chan!/Unity-chan! Model/Audio/Voice/univ1078.wav using Guid(9a1a05c0c9dca4f0d8ce99b11d5d05e1) Importer(815301076,1909f56bfc062723c751e8b465ee728b)  -> (artifact id: 'faf09eab7162b7858a381f78821afb69') in 0.009352 seconds 
========================================================================
Received Import Request.
  Time since last request: 0.000020 seconds.
  path: Assets/unity-chan!/Unity-chan! Model/Audio/Voice/univ1077.wav
  artifactKey: Guid(a547a21a0c17440fca7b13c6ebda770d) Importer(815301076,1909f56bfc062723c751e8b465ee728b)
Start importing Assets/unity-chan!/Unity-chan! Model/Audio/Voice/univ1077.wav using Guid(a547a21a0c17440fca7b13c6ebda770d) Importer(815301076,1909f56bfc062723c751e8b465ee728b)  -> (artifact id: 'e2a75690c60be044e2aa49d7d48c4ae5') in 0.010099 seconds 
========================================================================
Received Import Request.
  Time since last request: 0.000019 seconds.
  path: Assets/unity-chan!/Unity-chan! Model/Audio/Voice/univ1079.wav
  artifactKey: Guid(6a28075a3eb144446a49f716c52bec89) Importer(815301076,1909f56bfc062723c751e8b465ee728b)
Start importing Assets/unity-chan!/Unity-chan! Model/Audio/Voice/univ1079.wav using Guid(6a28075a3eb144446a49f716c52bec89) Importer(815301076,1909f56bfc062723c751e8b465ee728b)  -> (artifact id: 'a977104c4b736d62b9cdaae22fac5256') in 0.009966 seconds 
========================================================================
Received Import Request.
  Time since last request: 0.000023 seconds.
  path: Assets/unity-chan!/Unity-chan! Model/Audio/Voice/univ1048.wav
  artifactKey: Guid(cc616918ae23a420fb52e5e6a8f0031e) Importer(815301076,1909f56bfc062723c751e8b465ee728b)
Start importing Assets/unity-chan!/Unity-chan! Model/Audio/Voice/univ1048.wav using Guid(cc616918ae23a420fb52e5e6a8f0031e) Importer(815301076,1909f56bfc062723c751e8b465ee728b)  -> (artifact id: '791a3e26e3add0ea49378336a4329ebb') in 0.010063 seconds 
========================================================================
Received Import Request.
  Time since last request: 0.591698 seconds.
  path: Assets/unity-chan!/Unity-chan! Model/Audio/Voice/univ1086.wav
  artifactKey: Guid(09dcd2f585c6d4d7f83a1ab41b8fd008) Importer(815301076,1909f56bfc062723c751e8b465ee728b)
Start importing Assets/unity-chan!/Unity-chan! Model/Audio/Voice/univ1086.wav using Guid(09dcd2f585c6d4d7f83a1ab41b8fd008) Importer(815301076,1909f56bfc062723c751e8b465ee728b)  -> (artifact id: '842c5802aa4a78797ec4c0866504982c') in 0.015970 seconds 
========================================================================
Received Import Request.
  Time since last request: 0.000017 seconds.
  path: Assets/unity-chan!/Unity-chan! Model/Audio/Voice/univ1099.wav
  artifactKey: Guid(e92ffffa558284658aca79f7b72b7e58) Importer(815301076,1909f56bfc062723c751e8b465ee728b)
Start importing Assets/unity-chan!/Unity-chan! Model/Audio/Voice/univ1099.wav using Guid(e92ffffa558284658aca79f7b72b7e58) Importer(815301076,1909f56bfc062723c751e8b465ee728b)  -> (artifact id: 'd5db568ad41401a988487fa3291d4b6c') in 0.014011 seconds 
========================================================================
Received Import Request.
  Time since last request: 0.000020 seconds.
  path: Assets/unity-chan!/Unity-chan! Model/Audio/Voice/univ1104.wav
  artifactKey: Guid(06f58f9aeade8459da9deeea0ae7e832) Importer(815301076,1909f56bfc062723c751e8b465ee728b)
Start importing Assets/unity-chan!/Unity-chan! Model/Audio/Voice/univ1104.wav using Guid(06f58f9aeade8459da9deeea0ae7e832) Importer(815301076,1909f56bfc062723c751e8b465ee728b)  -> (artifact id: 'ab3e8ef356e6676fffb974b24611c93c') in 0.009851 seconds 
========================================================================
Received Import Request.
  Time since last request: 0.000019 seconds.
  path: Assets/unity-chan!/Unity-chan! Model/Audio/Voice/univ1097.wav
  artifactKey: Guid(a1fac12ede1df41c681ab108febfa81b) Importer(815301076,1909f56bfc062723c751e8b465ee728b)
Start importing Assets/unity-chan!/Unity-chan! Model/Audio/Voice/univ1097.wav using Guid(a1fac12ede1df41c681ab108febfa81b) Importer(815301076,1909f56bfc062723c751e8b465ee728b)  -> (artifact id: '64cf4ea55e1d5d15e46c1be3c382bdd5') in 0.009139 seconds 
========================================================================
Received Import Request.
  Time since last request: 0.000018 seconds.
  path: Assets/unity-chan!/Unity-chan! Model/Audio/Voice/univ1116.wav
  artifactKey: Guid(9ff8704a6636b40de95dcc77263c86a4) Importer(815301076,1909f56bfc062723c751e8b465ee728b)
Start importing Assets/unity-chan!/Unity-chan! Model/Audio/Voice/univ1116.wav using Guid(9ff8704a6636b40de95dcc77263c86a4) Importer(815301076,1909f56bfc062723c751e8b465ee728b)  -> (artifact id: '29463ae9bc9c7929a6abd928e7a96f28') in 0.010769 seconds 
========================================================================
Received Import Request.
  Time since last request: 0.000019 seconds.
  path: Assets/unity-chan!/Unity-chan! Model/Audio/Voice/univ1119.wav
  artifactKey: Guid(aca50d41370c14dfeba15db45850fb02) Importer(815301076,1909f56bfc062723c751e8b465ee728b)
Start importing Assets/unity-chan!/Unity-chan! Model/Audio/Voice/univ1119.wav using Guid(aca50d41370c14dfeba15db45850fb02) Importer(815301076,1909f56bfc062723c751e8b465ee728b)  -> (artifact id: 'd1ab46468415d4dacaab4c567337dd37') in 0.010243 seconds 
========================================================================
Received Import Request.
  Time since last request: 0.000020 seconds.
  path: Assets/unity-chan!/Unity-chan! Model/Audio/Voice/univ1122.wav
  artifactKey: Guid(995eba1087c5949819bfd6bb3c7ef339) Importer(815301076,1909f56bfc062723c751e8b465ee728b)
Start importing Assets/unity-chan!/Unity-chan! Model/Audio/Voice/univ1122.wav using Guid(995eba1087c5949819bfd6bb3c7ef339) Importer(815301076,1909f56bfc062723c751e8b465ee728b)  -> (artifact id: 'e0da8f28ef592470a2f271cfc2eb562e') in 0.009994 seconds 
========================================================================
Received Import Request.
  Time since last request: 0.000032 seconds.
  path: Assets/unity-chan!/Unity-chan! Model/Audio/Voice/univ1112.wav
  artifactKey: Guid(f8e22b9c3a996449f8ef047cf67866ae) Importer(815301076,1909f56bfc062723c751e8b465ee728b)
Start importing Assets/unity-chan!/Unity-chan! Model/Audio/Voice/univ1112.wav using Guid(f8e22b9c3a996449f8ef047cf67866ae) Importer(815301076,1909f56bfc062723c751e8b465ee728b)  -> (artifact id: '7ec0547c377533d07e1d1a843ac0f563') in 0.010429 seconds 
Editor requested this worker to shutdown with reason: Scaling down because of idle timeout
AssetImportWorker is now disconnected from the server
Process exiting
Exiting without the bug reporter. Application will terminate with return code 0