Using pre-set license
Built from '2021.3/staging' branch; Version is '2021.3.16f1 (4016570cf34f) revision 4200023'; Using compiler version '192829333'; Build Type 'Release'
OS: 'Windows 10  (10.0.19045) 64bit Education' Language: 'ko' Physical Memory: 32577 MB
BatchMode: 1, IsHumanControllingUs: 0, StartBugReporterOnCrash: 0, Is64bit: 1, IsPro: 1

COMMAND LINE ARGUMENTS:
C:\Program Files\Unity\Hub\Editor\2021.3.16f1\Editor\Unity.exe
-adb2
-batchMode
-noUpm
-name
AssetImportWorker16
-projectPath
C:/Users/HyunSeung/Documents/AR_Project
-logFile
Logs/AssetImportWorker16.log
-srvPort
53424
Successfully changed project path to: C:/Users/HyunSeung/Documents/AR_Project
C:/Users/HyunSeung/Documents/AR_Project
[UnityMemory] Configuration Parameters - Can be set up in boot.config
    "memorysetup-bucket-allocator-granularity=16"
    "memorysetup-bucket-allocator-bucket-count=8"
    "memorysetup-bucket-allocator-block-size=33554432"
    "memorysetup-bucket-allocator-block-count=8"
    "memorysetup-main-allocator-block-size=16777216"
    "memorysetup-thread-allocator-block-size=16777216"
    "memorysetup-gfx-main-allocator-block-size=16777216"
    "memorysetup-gfx-thread-allocator-block-size=16777216"
    "memorysetup-cache-allocator-block-size=4194304"
    "memorysetup-typetree-allocator-block-size=2097152"
    "memorysetup-profiler-bucket-allocator-granularity=16"
    "memorysetup-profiler-bucket-allocator-bucket-count=8"
    "memorysetup-profiler-bucket-allocator-block-size=33554432"
    "memorysetup-profiler-bucket-allocator-block-count=8"
    "memorysetup-profiler-allocator-block-size=16777216"
    "memorysetup-profiler-editor-allocator-block-size=1048576"
    "memorysetup-temp-allocator-size-main=16777216"
    "memorysetup-job-temp-allocator-block-size=2097152"
    "memorysetup-job-temp-allocator-block-size-background=1048576"
    "memorysetup-job-temp-allocator-reduction-small-platforms=262144"
    "memorysetup-temp-allocator-size-background-worker=32768"
    "memorysetup-temp-allocator-size-job-worker=262144"
    "memorysetup-temp-allocator-size-preload-manager=33554432"
    "memorysetup-temp-allocator-size-nav-mesh-worker=65536"
    "memorysetup-temp-allocator-size-audio-worker=65536"
    "memorysetup-temp-allocator-size-cloud-worker=32768"
    "memorysetup-temp-allocator-size-gi-baking-worker=262144"
    "memorysetup-temp-allocator-size-gfx=262144"
Player connection [36140] Host "[IP] 220.149.156.12 [Port] 0 [Flags] 2 [Guid] 3156582375 [EditorId] 3156582375 [Version] 1048832 [Id] WindowsEditor(7,DESKTOP-M8RDL43) [Debug] 1 [PackageName] WindowsEditor [ProjectName] Editor" joined multi-casting on [225.0.0.222:54997]...

Player connection [36140] Host "[IP] 220.149.156.12 [Port] 0 [Flags] 2 [Guid] 3156582375 [EditorId] 3156582375 [Version] 1048832 [Id] WindowsEditor(7,DESKTOP-M8RDL43) [Debug] 1 [PackageName] WindowsEditor [ProjectName] Editor" joined alternative multi-casting on [225.0.0.222:34997]...

Refreshing native plugins compatible for Editor in 104.99 ms, found 6 plugins.
Preloading 2 native plugins for Editor in 2.51 ms.
Initialize engine version: 2021.3.16f1 (4016570cf34f)
[Subsystems] Discovering subsystems at path C:/Program Files/Unity/Hub/Editor/2021.3.16f1/Editor/Data/Resources/UnitySubsystems
[Subsystems] Discovering subsystems at path C:/Users/HyunSeung/Documents/AR_Project/Assets
GfxDevice: creating device client; threaded=0; jobified=0
Direct3D:
    Version:  Direct3D 11.0 [level 11.1]
    Renderer: AMD Radeon RX 6800 XT (ID=0x73bf)
    Vendor:   ATI
    VRAM:     16338 MB
    Driver:   31.0.14051.5006
Initialize mono
Mono path[0] = 'C:/Program Files/Unity/Hub/Editor/2021.3.16f1/Editor/Data/Managed'
Mono path[1] = 'C:/Program Files/Unity/Hub/Editor/2021.3.16f1/Editor/Data/MonoBleedingEdge/lib/mono/unityjit-win32'
Mono config path = 'C:/Program Files/Unity/Hub/Editor/2021.3.16f1/Editor/Data/MonoBleedingEdge/etc'
Using monoOptions --debugger-agent=transport=dt_socket,embedding=1,server=y,suspend=n,address=127.0.0.1:56884
Begin MonoManager ReloadAssembly
Registering precompiled unity dll's ...
Register platform support module: C:/Program Files/Unity/Hub/Editor/2021.3.16f1/Editor/Data/PlaybackEngines/AndroidPlayer/UnityEditor.Android.Extensions.dll
Register platform support module: C:/Program Files/Unity/Hub/Editor/2021.3.16f1/Editor/Data/PlaybackEngines/WindowsStandaloneSupport/UnityEditor.WindowsStandalone.Extensions.dll
Registered in 0.005962 seconds.
Native extension for WindowsStandalone target not found
Native extension for Android target not found
Refreshing native plugins compatible for Editor in 134.83 ms, found 6 plugins.
Preloading 2 native plugins for Editor in 0.14 ms.
Mono: successfully reloaded assembly
- Completed reload, in  0.664 seconds
Domain Reload Profiling:
	ReloadAssembly (664ms)
		BeginReloadAssembly (65ms)
			ExecutionOrderSort (0ms)
			DisableScriptedObjects (0ms)
			BackupInstance (0ms)
			ReleaseScriptingObjects (0ms)
			CreateAndSetChildDomain (1ms)
		EndReloadAssembly (501ms)
			LoadAssemblies (63ms)
			RebuildTransferFunctionScriptingTraits (0ms)
			SetupTypeCache (96ms)
			ReleaseScriptCaches (0ms)
			RebuildScriptCaches (29ms)
			SetupLoadedEditorAssemblies (328ms)
				LogAssemblyErrors (0ms)
				InitializePlatformSupportModulesInManaged (62ms)
				SetLoadedEditorAssemblies (0ms)
				RefreshPlugins (135ms)
				BeforeProcessingInitializeOnLoad (1ms)
				ProcessInitializeOnLoadAttributes (88ms)
				ProcessInitializeOnLoadMethodAttributes (42ms)
				AfterProcessingInitializeOnLoad (0ms)
				EditorAssembliesLoaded (0ms)
			ExecutionOrderSort2 (0ms)
			AwakeInstancesAfterBackupRestoration (0ms)
Platform modules already initialized, skipping
Registering precompiled user dll's ...
Registered in 0.008542 seconds.
Begin MonoManager ReloadAssembly
Symbol file LoadedFromMemory doesn't match image C:\Users\HyunSeung\Documents\AR_Project\Library\PackageCache\com.unity.visualscripting@1.7.8\Editor\VisualScripting.Core\Dependencies\YamlDotNet\Unity.VisualScripting.YamlDotNet.dll
Symbol file LoadedFromMemory doesn't match image C:\Users\HyunSeung\Documents\AR_Project\Library\PackageCache\com.unity.visualscripting@1.7.8\Editor\VisualScripting.Core\Dependencies\DotNetZip\Unity.VisualScripting.IonicZip.dll
Native extension for WindowsStandalone target not found
Native extension for Android target not found
Refreshing native plugins compatible for Editor in 1.04 ms, found 6 plugins.
Preloading 2 native plugins for Editor in 0.12 ms.
Mono: successfully reloaded assembly
- Completed reload, in  1.124 seconds
Domain Reload Profiling:
	ReloadAssembly (1125ms)
		BeginReloadAssembly (182ms)
			ExecutionOrderSort (0ms)
			DisableScriptedObjects (6ms)
			BackupInstance (0ms)
			ReleaseScriptingObjects (0ms)
			CreateAndSetChildDomain (122ms)
		EndReloadAssembly (855ms)
			LoadAssemblies (59ms)
			RebuildTransferFunctionScriptingTraits (0ms)
			SetupTypeCache (259ms)
			ReleaseScriptCaches (1ms)
			RebuildScriptCaches (59ms)
			SetupLoadedEditorAssemblies (420ms)
				LogAssemblyErrors (0ms)
				InitializePlatformSupportModulesInManaged (20ms)
				SetLoadedEditorAssemblies (0ms)
				RefreshPlugins (1ms)
				BeforeProcessingInitializeOnLoad (125ms)
				ProcessInitializeOnLoadAttributes (241ms)
				ProcessInitializeOnLoadMethodAttributes (25ms)
				AfterProcessingInitializeOnLoad (6ms)
				EditorAssembliesLoaded (0ms)
			ExecutionOrderSort2 (0ms)
			AwakeInstancesAfterBackupRestoration (5ms)
Platform modules already initialized, skipping
========================================================================
Worker process is ready to serve import requests
Launched and connected shader compiler UnityShaderCompiler.exe after 0.03 seconds
Refreshing native plugins compatible for Editor in 0.56 ms, found 6 plugins.
Preloading 2 native plugins for Editor in 0.07 ms.
Unloading 3583 Unused Serialized files (Serialized files now loaded: 0)
Unloading 49 unused Assets / (125.4 KB). Loaded Objects now: 4349.
Memory consumption went from 145.7 MB to 145.5 MB.
Total: 2.093300 ms (FindLiveObjects: 0.167200 ms CreateObjectMapping: 0.057500 ms MarkObjects: 1.741700 ms  DeleteObjects: 0.126300 ms)

AssetImportParameters requested are different than current active one (requested -> active):
  custom:video-decoder-ogg-theora: a1e56fd34408186e4bbccfd4996cb3dc -> 
  custom:container-muxer-webm: aa71ff27fc2769a1b78a27578f13a17b -> 
  custom:container-demuxer-webm: 4f35f7cbe854078d1ac9338744f61a02 -> 
  custom:video-encoder-webm-vp8: eb34c28f22e8b96e1ab97ce403110664 -> 
  custom:video-codec-MediaFoundation-h265: 746d11721c4dcdbdad8f713fa42b33f4 -> 
  custom:audio-encoder-webm-vorbis: bf7c407c2cedff20999df2af8eb42d56 -> 
  custom:framework-win-MediaFoundation: 216162199b28c13a410421893ffa2e32 -> 
  custom:container-demuxer-ogg: 62fdf1f143b41e24485cea50d1cbac27 -> 
  custom:video-decoder-webm-vp8: 9c59270c3fd7afecdb556c50c9e8de78 -> 
  custom:audio-decoder-ogg-vorbis: bf7c407c2cedff20999df2af8eb42d56 -> 
========================================================================
Received Import Request.
  Time since last request: 589656.395834 seconds.
  path: Assets/unity-chan!/Unity-chan! Model/Audio/Voice/univ1197b.wav
  artifactKey: Guid(e0813e63d238c430bb1fbe6d0a649d5b) Importer(815301076,1909f56bfc062723c751e8b465ee728b)
Start importing Assets/unity-chan!/Unity-chan! Model/Audio/Voice/univ1197b.wav using Guid(e0813e63d238c430bb1fbe6d0a649d5b) Importer(815301076,1909f56bfc062723c751e8b465ee728b)  -> (artifact id: '2f2f27b211efd88e497209619a5eb3f5') in 0.105148 seconds 
========================================================================
Received Import Request.
  Time since last request: 0.000023 seconds.
  path: Assets/unity-chan!/Unity-chan! Model/Audio/Voice/univ1251.wav
  artifactKey: Guid(1852067f4039041a8b5e4e0904a1c6d1) Importer(815301076,1909f56bfc062723c751e8b465ee728b)
Start importing Assets/unity-chan!/Unity-chan! Model/Audio/Voice/univ1251.wav using Guid(1852067f4039041a8b5e4e0904a1c6d1) Importer(815301076,1909f56bfc062723c751e8b465ee728b)  -> (artifact id: '9a094179a6cb9e43f2d0b34b41a69223') in 0.012983 seconds 
========================================================================
Received Import Request.
  Time since last request: 0.000029 seconds.
  path: Assets/unity-chan!/Unity-chan! Model/Audio/Voice/univ1232.wav
  artifactKey: Guid(8be864c64d9f0401bb5c978d2bc7a3d7) Importer(815301076,1909f56bfc062723c751e8b465ee728b)
Start importing Assets/unity-chan!/Unity-chan! Model/Audio/Voice/univ1232.wav using Guid(8be864c64d9f0401bb5c978d2bc7a3d7) Importer(815301076,1909f56bfc062723c751e8b465ee728b)  -> (artifact id: 'f1882ed5f8d439465c6667d60c7f3942') in 0.009938 seconds 
========================================================================
Received Import Request.
  Time since last request: 0.000021 seconds.
  path: Assets/unity-chan!/Unity-chan! Model/Audio/Voice/univ1236.wav
  artifactKey: Guid(ddbe8e87414f24e14bc67638efbc0858) Importer(815301076,1909f56bfc062723c751e8b465ee728b)
Start importing Assets/unity-chan!/Unity-chan! Model/Audio/Voice/univ1236.wav using Guid(ddbe8e87414f24e14bc67638efbc0858) Importer(815301076,1909f56bfc062723c751e8b465ee728b)  -> (artifact id: 'c5936d5c9aea40cdf3187ffbd5529853') in 0.009010 seconds 
========================================================================
Received Prepare
Registering precompiled user dll's ...
Registered in 0.010499 seconds.
Begin MonoManager ReloadAssembly
Symbol file LoadedFromMemory doesn't match image C:\Users\HyunSeung\Documents\AR_Project\Library\PackageCache\com.unity.visualscripting@1.7.8\Editor\VisualScripting.Core\Dependencies\YamlDotNet\Unity.VisualScripting.YamlDotNet.dll
Symbol file LoadedFromMemory doesn't match image C:\Users\HyunSeung\Documents\AR_Project\Library\PackageCache\com.unity.visualscripting@1.7.8\Editor\VisualScripting.Core\Dependencies\DotNetZip\Unity.VisualScripting.IonicZip.dll
Native extension for WindowsStandalone target not found
Native extension for Android target not found
Refreshing native plugins compatible for Editor in 0.83 ms, found 6 plugins.
Preloading 2 native plugins for Editor in 0.11 ms.
Mono: successfully reloaded assembly
- Completed reload, in  0.957 seconds
Domain Reload Profiling:
	ReloadAssembly (958ms)
		BeginReloadAssembly (138ms)
			ExecutionOrderSort (0ms)
			DisableScriptedObjects (5ms)
			BackupInstance (0ms)
			ReleaseScriptingObjects (0ms)
			CreateAndSetChildDomain (43ms)
		EndReloadAssembly (727ms)
			LoadAssemblies (88ms)
			RebuildTransferFunctionScriptingTraits (0ms)
			SetupTypeCache (253ms)
			ReleaseScriptCaches (1ms)
			RebuildScriptCaches (42ms)
			SetupLoadedEditorAssemblies (315ms)
				LogAssemblyErrors (0ms)
				InitializePlatformSupportModulesInManaged (20ms)
				SetLoadedEditorAssemblies (0ms)
				RefreshPlugins (1ms)
				BeforeProcessingInitializeOnLoad (69ms)
				ProcessInitializeOnLoadAttributes (197ms)
				ProcessInitializeOnLoadMethodAttributes (22ms)
				AfterProcessingInitializeOnLoad (7ms)
				EditorAssembliesLoaded (0ms)
			ExecutionOrderSort2 (0ms)
			AwakeInstancesAfterBackupRestoration (5ms)
Platform modules already initialized, skipping
Refreshing native plugins compatible for Editor in 4.24 ms, found 6 plugins.
Preloading 2 native plugins for Editor in 0.08 ms.
Unloading 3505 Unused Serialized files (Serialized files now loaded: 0)
Unloading 42 unused Assets / (93.0 KB). Loaded Objects now: 4362.
Memory consumption went from 143.5 MB to 143.4 MB.
Total: 2.724900 ms (FindLiveObjects: 0.279700 ms CreateObjectMapping: 0.082200 ms MarkObjects: 2.200600 ms  DeleteObjects: 0.161800 ms)

AssetImportParameters requested are different than current active one (requested -> active):
  custom:video-decoder-ogg-theora: a1e56fd34408186e4bbccfd4996cb3dc -> 
  custom:container-muxer-webm: aa71ff27fc2769a1b78a27578f13a17b -> 
  custom:container-demuxer-webm: 4f35f7cbe854078d1ac9338744f61a02 -> 
  custom:video-encoder-webm-vp8: eb34c28f22e8b96e1ab97ce403110664 -> 
  custom:video-codec-MediaFoundation-h265: 746d11721c4dcdbdad8f713fa42b33f4 -> 
  custom:audio-encoder-webm-vorbis: bf7c407c2cedff20999df2af8eb42d56 -> 
  custom:framework-win-MediaFoundation: 216162199b28c13a410421893ffa2e32 -> 
  custom:container-demuxer-ogg: 62fdf1f143b41e24485cea50d1cbac27 -> 
  custom:video-decoder-webm-vp8: 9c59270c3fd7afecdb556c50c9e8de78 -> 
  custom:audio-decoder-ogg-vorbis: bf7c407c2cedff20999df2af8eb42d56 -> 
========================================================================
Received Import Request.
  Time since last request: 54.360487 seconds.
  path: Assets/unity-chan!/Unity-chan! Model/Audio/Voice/univ1261.wav
  artifactKey: Guid(0f9b83a7b39274177b6e3d39b408313f) Importer(815301076,1909f56bfc062723c751e8b465ee728b)
Start importing Assets/unity-chan!/Unity-chan! Model/Audio/Voice/univ1261.wav using Guid(0f9b83a7b39274177b6e3d39b408313f) Importer(815301076,1909f56bfc062723c751e8b465ee728b)  -> (artifact id: 'd43083fcefcf4bc679642a5909b8520c') in 0.048082 seconds 
========================================================================
Received Import Request.
  Time since last request: 0.000016 seconds.
  path: Assets/unity-chan!/Unity-chan! Model/Audio/Voice/univ1280.wav
  artifactKey: Guid(ca4ba024e626b483285416dd838ebe3c) Importer(815301076,1909f56bfc062723c751e8b465ee728b)
Start importing Assets/unity-chan!/Unity-chan! Model/Audio/Voice/univ1280.wav using Guid(ca4ba024e626b483285416dd838ebe3c) Importer(815301076,1909f56bfc062723c751e8b465ee728b)  -> (artifact id: '141a9011da576a9984cf90e645bb9ac8') in 0.012473 seconds 
========================================================================
Received Import Request.
  Time since last request: 0.000018 seconds.
  path: Assets/unity-chan!/Unity-chan! Model/Audio/Voice/univ1270.wav
  artifactKey: Guid(7753eb0d53cbb4faaa299f1db02e5d7b) Importer(815301076,1909f56bfc062723c751e8b465ee728b)
Start importing Assets/unity-chan!/Unity-chan! Model/Audio/Voice/univ1270.wav using Guid(7753eb0d53cbb4faaa299f1db02e5d7b) Importer(815301076,1909f56bfc062723c751e8b465ee728b)  -> (artifact id: '545b481fc514c191b669f78a79178f52') in 0.011769 seconds 
========================================================================
Received Import Request.
  Time since last request: 0.000015 seconds.
  path: Assets/unity-chan!/Unity-chan! Model/Audio/Voice/univ1278.wav
  artifactKey: Guid(d13b766e4ed05467b8bff2adfe6594dc) Importer(815301076,1909f56bfc062723c751e8b465ee728b)
Start importing Assets/unity-chan!/Unity-chan! Model/Audio/Voice/univ1278.wav using Guid(d13b766e4ed05467b8bff2adfe6594dc) Importer(815301076,1909f56bfc062723c751e8b465ee728b)  -> (artifact id: '2af51219919db9fab8b2e52081f98c3c') in 0.011298 seconds 
========================================================================
Received Import Request.
  Time since last request: 0.000020 seconds.
  path: Assets/unity-chan!/Unity-chan! Model/Audio/Voice/univ1272.wav
  artifactKey: Guid(69b4feaeeea884cad97de63fe280cbeb) Importer(815301076,1909f56bfc062723c751e8b465ee728b)
Start importing Assets/unity-chan!/Unity-chan! Model/Audio/Voice/univ1272.wav using Guid(69b4feaeeea884cad97de63fe280cbeb) Importer(815301076,1909f56bfc062723c751e8b465ee728b)  -> (artifact id: '25f0e8f914bf9b7d225b04d4f04e2960') in 0.010836 seconds 
========================================================================
Received Import Request.
  Time since last request: 0.001326 seconds.
  path: Assets/unity-chan!/Unity-chan! Model/Audio/Voice/univ1291.wav
  artifactKey: Guid(bdc1ade80be854ea5849de68a1b9e471) Importer(815301076,1909f56bfc062723c751e8b465ee728b)
Start importing Assets/unity-chan!/Unity-chan! Model/Audio/Voice/univ1291.wav using Guid(bdc1ade80be854ea5849de68a1b9e471) Importer(815301076,1909f56bfc062723c751e8b465ee728b)  -> (artifact id: 'cbff7e5b8a70508c03fb198bc3a35dfd') in 0.011208 seconds 
========================================================================
Received Import Request.
  Time since last request: 0.000018 seconds.
  path: Assets/unity-chan!/Unity-chan! Model/Audio/Voice/univ1298.wav
  artifactKey: Guid(921b4265fa4e24a9396147dbf14e9e54) Importer(815301076,1909f56bfc062723c751e8b465ee728b)
Start importing Assets/unity-chan!/Unity-chan! Model/Audio/Voice/univ1298.wav using Guid(921b4265fa4e24a9396147dbf14e9e54) Importer(815301076,1909f56bfc062723c751e8b465ee728b)  -> (artifact id: 'e190fb3e76354e6b19769c044bb4a351') in 0.009989 seconds 
========================================================================
Received Import Request.
  Time since last request: 0.000018 seconds.
  path: Assets/unity-chan!/Unity-chan! Model/Audio/Voice/univ1296.wav
  artifactKey: Guid(1fb0ca26e45a74ada8493f41a4a21570) Importer(815301076,1909f56bfc062723c751e8b465ee728b)
Start importing Assets/unity-chan!/Unity-chan! Model/Audio/Voice/univ1296.wav using Guid(1fb0ca26e45a74ada8493f41a4a21570) Importer(815301076,1909f56bfc062723c751e8b465ee728b)  -> (artifact id: '57164e929a7c381e73dee7e99545caa7') in 0.010546 seconds 
========================================================================
Received Import Request.
  Time since last request: 0.510745 seconds.
  path: Assets/unity-chan!/Unity-chan! Model/Audio/Voice/univ1309.wav
  artifactKey: Guid(79403fd11d32747d995261b20982f6fe) Importer(815301076,1909f56bfc062723c751e8b465ee728b)
Start importing Assets/unity-chan!/Unity-chan! Model/Audio/Voice/univ1309.wav using Guid(79403fd11d32747d995261b20982f6fe) Importer(815301076,1909f56bfc062723c751e8b465ee728b)  -> (artifact id: '452a05b5229aa6a2fdd89a9d7ebed02b') in 0.026615 seconds 
========================================================================
Received Import Request.
  Time since last request: 0.000019 seconds.
  path: Assets/unity-chan!/Unity-chan! Model/Audio/Voice/univ1314.wav
  artifactKey: Guid(20387bf35c80644b285dc36f4c17582a) Importer(815301076,1909f56bfc062723c751e8b465ee728b)
Start importing Assets/unity-chan!/Unity-chan! Model/Audio/Voice/univ1314.wav using Guid(20387bf35c80644b285dc36f4c17582a) Importer(815301076,1909f56bfc062723c751e8b465ee728b)  -> (artifact id: '15298d85b1181d915cf9977470cffd71') in 0.012826 seconds 
========================================================================
Received Import Request.
  Time since last request: 0.422908 seconds.
  path: Assets/unity-chan!/Unity-chan! Model/Audio/Voice/univ1325.wav
  artifactKey: Guid(300fd04524d484f339272b325cf2261c) Importer(815301076,1909f56bfc062723c751e8b465ee728b)
Start importing Assets/unity-chan!/Unity-chan! Model/Audio/Voice/univ1325.wav using Guid(300fd04524d484f339272b325cf2261c) Importer(815301076,1909f56bfc062723c751e8b465ee728b)  -> (artifact id: '984e942cfe6b003af368f6469b80194e') in 0.015049 seconds 
========================================================================
Received Import Request.
  Time since last request: 0.000018 seconds.
  path: Assets/unity-chan!/Unity-chan! Model/Audio/Voice/univ1330.wav
  artifactKey: Guid(061244abba01c4fd38c42bdaa7a5dbc2) Importer(815301076,1909f56bfc062723c751e8b465ee728b)
Start importing Assets/unity-chan!/Unity-chan! Model/Audio/Voice/univ1330.wav using Guid(061244abba01c4fd38c42bdaa7a5dbc2) Importer(815301076,1909f56bfc062723c751e8b465ee728b)  -> (artifact id: '5b6753e4b2478c59619298beff0951b3') in 0.012764 seconds 
========================================================================
Received Import Request.
  Time since last request: 0.000018 seconds.
  path: Assets/unity-chan!/Unity-chan! Model/Audio/Voice/univ1328.wav
  artifactKey: Guid(7a536c4068948403a9378d80ec38497c) Importer(815301076,1909f56bfc062723c751e8b465ee728b)
Start importing Assets/unity-chan!/Unity-chan! Model/Audio/Voice/univ1328.wav using Guid(7a536c4068948403a9378d80ec38497c) Importer(815301076,1909f56bfc062723c751e8b465ee728b)  -> (artifact id: '2ac6900836de16932cee8a48fee2ac4b') in 0.010122 seconds 
========================================================================
Received Import Request.
  Time since last request: 0.443058 seconds.
  path: Assets/unity-chan!/Unity-chan! Model/Audio/Voice/univ1341.wav
  artifactKey: Guid(2eb33eb78272b4d91ba9d8268e1cc7a0) Importer(815301076,1909f56bfc062723c751e8b465ee728b)
Start importing Assets/unity-chan!/Unity-chan! Model/Audio/Voice/univ1341.wav using Guid(2eb33eb78272b4d91ba9d8268e1cc7a0) Importer(815301076,1909f56bfc062723c751e8b465ee728b)  -> (artifact id: '5c4047fc0e59803979d7e9476e633a76') in 0.014539 seconds 
Editor requested this worker to shutdown with reason: Scaling down because of idle timeout
AssetImportWorker is now disconnected from the server
Process exiting
Exiting without the bug reporter. Application will terminate with return code 0